{"/home/camilo/Desktop/onmigon/finance_watch/services/stockLookup.js": {"path":"/home/camilo/Desktop/onmigon/finance_watch/services/stockLookup.js","statementMap":{"0":{"start":{"line":1,"column":10},"end":{"line":1,"column":33}},"1":{"start":{"line":3,"column":0},"end":{"line":10,"column":1}},"2":{"start":{"line":5,"column":20},"end":{"line":5,"column":87}},"3":{"start":{"line":6,"column":19},"end":{"line":6,"column":91}},"4":{"start":{"line":7,"column":19},"end":{"line":7,"column":101}},"5":{"start":{"line":8,"column":8},"end":{"line":8,"column":40}}},"fnMap":{"0":{"name":"(anonymous_0)","decl":{"start":{"line":4,"column":29},"end":{"line":4,"column":30}},"loc":{"start":{"line":4,"column":46},"end":{"line":9,"column":5}},"line":4}},"branchMap":{},"s":{"0":1,"1":1,"2":4,"3":2,"4":2,"5":2},"f":{"0":4},"b":{},"_coverageSchema":"43e27e138ebf9cfc5966b082cf9a028302ed4184","hash":"6af6ca3df5848b38ca106f2be8dd9316febb84ed"}
,"/home/camilo/Desktop/onmigon/finance_watch/utils/get.js": {"path":"/home/camilo/Desktop/onmigon/finance_watch/utils/get.js","statementMap":{"0":{"start":{"line":2,"column":14},"end":{"line":2,"column":32}},"1":{"start":{"line":4,"column":0},"end":{"line":33,"column":1}},"2":{"start":{"line":6,"column":25},"end":{"line":6,"column":74}},"3":{"start":{"line":6,"column":48},"end":{"line":6,"column":73}},"4":{"start":{"line":9,"column":4},"end":{"line":28,"column":7}},"5":{"start":{"line":14,"column":8},"end":{"line":27,"column":9}},"6":{"start":{"line":15,"column":12},"end":{"line":15,"column":39}},"7":{"start":{"line":16,"column":12},"end":{"line":16,"column":31}},"8":{"start":{"line":17,"column":12},"end":{"line":17,"column":30}},"9":{"start":{"line":18,"column":15},"end":{"line":27,"column":9}},"10":{"start":{"line":19,"column":12},"end":{"line":19,"column":43}},"11":{"start":{"line":20,"column":12},"end":{"line":20,"column":51}},"12":{"start":{"line":21,"column":12},"end":{"line":21,"column":30}},"13":{"start":{"line":24,"column":12},"end":{"line":24,"column":32}},"14":{"start":{"line":25,"column":12},"end":{"line":25,"column":28}},"15":{"start":{"line":26,"column":12},"end":{"line":26,"column":30}},"16":{"start":{"line":29,"column":4},"end":{"line":29,"column":25}},"17":{"start":{"line":30,"column":4},"end":{"line":31,"column":39}},"18":{"start":{"line":31,"column":8},"end":{"line":31,"column":39}},"19":{"start":{"line":32,"column":4},"end":{"line":32,"column":20}}},"fnMap":{"0":{"name":"(anonymous_0)","decl":{"start":{"line":4,"column":17},"end":{"line":4,"column":18}},"loc":{"start":{"line":4,"column":32},"end":{"line":33,"column":1}},"line":4},"1":{"name":"(anonymous_1)","decl":{"start":{"line":6,"column":37},"end":{"line":6,"column":38}},"loc":{"start":{"line":6,"column":48},"end":{"line":6,"column":73}},"line":6},"2":{"name":"(anonymous_2)","decl":{"start":{"line":13,"column":7},"end":{"line":13,"column":8}},"loc":{"start":{"line":13,"column":27},"end":{"line":28,"column":5}},"line":13}},"branchMap":{"0":{"loc":{"start":{"line":14,"column":8},"end":{"line":27,"column":9}},"type":"if","locations":[{"start":{"line":14,"column":8},"end":{"line":27,"column":9}},{"start":{"line":14,"column":8},"end":{"line":27,"column":9}}],"line":14},"1":{"loc":{"start":{"line":18,"column":15},"end":{"line":27,"column":9}},"type":"if","locations":[{"start":{"line":18,"column":15},"end":{"line":27,"column":9}},{"start":{"line":18,"column":15},"end":{"line":27,"column":9}}],"line":18},"2":{"loc":{"start":{"line":30,"column":4},"end":{"line":31,"column":39}},"type":"if","locations":[{"start":{"line":30,"column":4},"end":{"line":31,"column":39}},{"start":{"line":30,"column":4},"end":{"line":31,"column":39}}],"line":30}},"s":{"0":1,"1":1,"2":8,"3":8,"4":8,"5":8,"6":0,"7":0,"8":0,"9":8,"10":2,"11":2,"12":2,"13":6,"14":6,"15":6,"16":8,"17":8,"18":2,"19":6},"f":{"0":8,"1":8,"2":8},"b":{"0":[0,8],"1":[2,6],"2":[2,6]},"_coverageSchema":"43e27e138ebf9cfc5966b082cf9a028302ed4184","hash":"3e0570f9b2a386adfb1b89c291f25d0b23e89001"}
}
