TN:
SF:/home/camilo/Desktop/onmigon/finance_watch/services/stockLookup.js
FN:4,(anonymous_0)
FNF:1
FNH:1
FNDA:4,(anonymous_0)
DA:1,1
DA:3,1
DA:5,4
DA:6,2
DA:7,2
DA:8,2
LF:6
LH:6
BRF:0
BRH:0
end_of_record
TN:
SF:/home/camilo/Desktop/onmigon/finance_watch/utils/get.js
FN:4,(anonymous_0)
FN:6,(anonymous_1)
FN:13,(anonymous_2)
FNF:3
FNH:3
FNDA:8,(anonymous_0)
FNDA:8,(anonymous_1)
FNDA:8,(anonymous_2)
DA:2,1
DA:4,1
DA:6,8
DA:9,8
DA:14,8
DA:15,0
DA:16,0
DA:17,0
DA:18,8
DA:19,2
DA:20,2
DA:21,2
DA:24,6
DA:25,6
DA:26,6
DA:29,8
DA:30,8
DA:31,2
DA:32,6
LF:19
LH:16
BRDA:14,0,0,0
BRDA:14,0,1,8
BRDA:18,1,0,2
BRDA:18,1,1,6
BRDA:30,2,0,2
BRDA:30,2,1,6
BRF:6
BRH:5
end_of_record
